/*C9*/SET SCHEMA PUBLIC
DISCONNECT
/*C1*/SET SCHEMA SYSTEM_LOBS
INSERT INTO LOB_IDS VALUES(15,35,0,40)
COMMIT
ALTER SEQUENCE SYSTEM_LOBS.LOB_ID RESTART WITH 16
DELETE FROM BLOCKS WHERE BLOCK_ADDR=14
INSERT INTO BLOCKS VALUES(14,1,0)
INSERT INTO BLOCKS VALUES(15,2147483632,0)
DELETE FROM BLOCKS WHERE BLOCK_ADDR=14
INSERT INTO LOBS VALUES(14,1,0,15)
COMMIT
/*C10*/SET SCHEMA PUBLIC
INSERT INTO COURSE VALUES(15,15,10,'2','Cloud computing')
SET SCHEMA SYSTEM_LOBS
DELETE FROM LOB_IDS WHERE LOB_ID=15
INSERT INTO LOB_IDS VALUES(15,35,1,40)
COMMIT
SET SCHEMA PUBLIC
DELETE FROM COURSE WHERE ID=15
SET SCHEMA SYSTEM_LOBS
DELETE FROM LOB_IDS WHERE LOB_ID=15
INSERT INTO LOB_IDS VALUES(15,35,0,40)
COMMIT
SET SCHEMA PUBLIC
DISCONNECT
/*C11*/SET SCHEMA PUBLIC
DISCONNECT
/*C1*/INSERT INTO LOB_IDS VALUES(16,23,0,40)
COMMIT
ALTER SEQUENCE SYSTEM_LOBS.LOB_ID RESTART WITH 17
DELETE FROM BLOCKS WHERE BLOCK_ADDR=15
INSERT INTO BLOCKS VALUES(15,1,0)
INSERT INTO BLOCKS VALUES(16,2147483631,0)
DELETE FROM BLOCKS WHERE BLOCK_ADDR=15
INSERT INTO LOBS VALUES(15,1,0,16)
COMMIT
/*C12*/SET SCHEMA PUBLIC
INSERT INTO COURSE VALUES(16,16,6,'6','Java EE')
SET SCHEMA SYSTEM_LOBS
DELETE FROM LOB_IDS WHERE LOB_ID=16
INSERT INTO LOB_IDS VALUES(16,23,1,40)
COMMIT
SET SCHEMA PUBLIC
DISCONNECT
/*C13*/SET SCHEMA PUBLIC
DISCONNECT
/*C14*/SET SCHEMA PUBLIC
DISCONNECT
